<?xml version="1.0" encoding="UTF-8"?>
<testsuite name="org.example.TribonacciTest" tests="4" skipped="0" failures="0" errors="0" timestamp="2024-09-29T06:28:19" hostname="DESKTOP-KE0LEGD" time="0.037">
  <properties/>
  <testcase name="testTribonacciLargeValue()" classname="org.example.TribonacciTest" time="0.028"/>
  <testcase name="testTribonacciBaseCases()" classname="org.example.TribonacciTest" time="0.001"/>
  <testcase name="testTribonacciNegativeValue()" classname="org.example.TribonacciTest" time="0.001"/>
  <testcase name="testTribonacciSmallValues()" classname="org.example.TribonacciTest" time="0.001"/>
  <system-out><![CDATA[]]></system-out>
  <system-err><![CDATA[]]></system-err>
</testsuite>
